Traceback (most recent call last):
  File "C:\Users\xavier\anaconda3\lib\site-packages\spyder\app\mainwindow.py", line 3718, in main
    mainwindow = run_spyder(app, options, args)
  File "C:\Users\xavier\anaconda3\lib\site-packages\spyder\app\mainwindow.py", line 3559, in run_spyder
    main.setup()
  File "C:\Users\xavier\anaconda3\lib\site-packages\spyder\app\mainwindow.py", line 922, in setup
    from spyder.plugins.completion.plugin import CompletionManager
  File "C:\Users\xavier\anaconda3\lib\site-packages\spyder\plugins\completion\plugin.py", line 27, in <module>
    from spyder.plugins.completion.languageserver.plugin import (
  File "C:\Users\xavier\anaconda3\lib\site-packages\spyder\plugins\completion\languageserver\plugin.py", line 30, in <module>
    from spyder.plugins.completion.languageserver.client import LSPClient
  File "C:\Users\xavier\anaconda3\lib\site-packages\spyder\plugins\completion\languageserver\client.py", line 36, in <module>
    from spyder.plugins.completion.languageserver.providers import (
  File "C:\Users\xavier\anaconda3\lib\site-packages\spyder\plugins\completion\languageserver\providers\__init__.py", line 9, in <module>
    from .document import DocumentProvider
  File "C:\Users\xavier\anaconda3\lib\site-packages\spyder\plugins\completion\languageserver\providers\document.py", line 16, in <module>
    from spyder.plugins.completion.languageserver.providers.utils import (
  File "<frozen importlib._bootstrap>", line 983, in _find_and_load
  File "<frozen importlib._bootstrap>", line 967, in _find_and_load_unlocked
  File "<frozen importlib._bootstrap>", line 677, in _load_unlocked
  File "<frozen importlib._bootstrap_external>", line 724, in exec_module
  File "<frozen importlib._bootstrap_external>", line 818, in get_code
  File "<frozen importlib._bootstrap_external>", line 916, in get_data
KeyboardInterrupt
